============================= test session starts ==============================
platform linux -- Python 3.5.1, pytest-2.9.1, py-1.4.31, pluggy-0.3.1
rootdir: /home/jenkins/jenkins_slave/workspace/test, inifile: 
plugins: pep8-1.0.6
collected 3 items

../../jenkins_slave/workspace/test/__init__.py .
../../jenkins_slave/workspace/test/code.py F
../../jenkins_slave/workspace/test/tests_X_Y_20150206.py F

--------------- generated xml file: /home/jenkins/git/tests/pep8 ---------------
=================================== FAILURES ===================================
__________________________________ PEP8-check __________________________________
/home/jenkins/jenkins_slave/workspace/test/code.py:4:1: E302 expected 2 blank lines, found 1
class Math():
^
/home/jenkins/jenkins_slave/workspace/test/code.py:6:1: W191 indentation contains tabs
	def sum(self, a, b):
^
/home/jenkins/jenkins_slave/workspace/test/code.py:6:22: W291 trailing whitespace
	def sum(self, a, b):
	                    ^
/home/jenkins/jenkins_slave/workspace/test/code.py:7:1: E101 indentation contains mixed spaces and tabs
    		return a + b
^
/home/jenkins/jenkins_slave/workspace/test/code.py:7:5: W191 indentation contains tabs
    		return a + b
    ^
/home/jenkins/jenkins_slave/workspace/test/code.py:9:1: E101 indentation contains mixed spaces and tabs
	def subs(self, a, b):
^
/home/jenkins/jenkins_slave/workspace/test/code.py:9:1: W191 indentation contains tabs
	def subs(self, a, b):
^
/home/jenkins/jenkins_slave/workspace/test/code.py:10:1: W191 indentation contains tabs
			return a - b
^
/home/jenkins/jenkins_slave/workspace/test/code.py:11:1: W191 indentation contains tabs

^
/home/jenkins/jenkins_slave/workspace/test/code.py:11:1: W293 blank line contains whitespace

^
/home/jenkins/jenkins_slave/workspace/test/code.py:12:1: W191 indentation contains tabs
	def mul(self, a, b):
^
/home/jenkins/jenkins_slave/workspace/test/code.py:13:1: W191 indentation contains tabs
			return a * b
^
/home/jenkins/jenkins_slave/workspace/test/code.py:15:1: W391 blank line at end of file

^

__________________________________ PEP8-check __________________________________
/home/jenkins/jenkins_slave/workspace/test/tests_X_Y_20150206.py:4:1: E265 block comment should start with '# '
##nosetests -x --verbosity=3 --with-xunit --xunit-file=nosetests.xml --with-coverage --cover-package=tests --cover-tests --cover-xml
^
/home/jenkins/jenkins_slave/workspace/test/tests_X_Y_20150206.py:4:80: E501 line too long (132 > 79 characters)
##nosetests -x --verbosity=3 --with-xunit --xunit-file=nosetests.xml --with-coverage --cover-package=tests --cover-tests --cover-xml
                                                                               ^
/home/jenkins/jenkins_slave/workspace/test/tests_X_Y_20150206.py:13:1: W191 indentation contains tabs
	def setUp(self):
^
/home/jenkins/jenkins_slave/workspace/test/tests_X_Y_20150206.py:13:2: E303 too many blank lines (2)
	def setUp(self):
	^
/home/jenkins/jenkins_slave/workspace/test/tests_X_Y_20150206.py:14:1: W191 indentation contains tabs
		self.session = 'foobar'
^
/home/jenkins/jenkins_slave/workspace/test/tests_X_Y_20150206.py:16:1: W191 indentation contains tabs
	def tearDown(self):
^
/home/jenkins/jenkins_slave/workspace/test/tests_X_Y_20150206.py:17:1: W191 indentation contains tabs
		self.session = None
^
/home/jenkins/jenkins_slave/workspace/test/tests_X_Y_20150206.py:19:1: W191 indentation contains tabs
	def test_foo(self):
^
/home/jenkins/jenkins_slave/workspace/test/tests_X_Y_20150206.py:19:21: W291 trailing whitespace
	def test_foo(self):
	                   ^
/home/jenkins/jenkins_slave/workspace/test/tests_X_Y_20150206.py:20:1: W191 indentation contains tabs
		"""test_foo"""
^
/home/jenkins/jenkins_slave/workspace/test/tests_X_Y_20150206.py:20:17: W291 trailing whitespace
		"""test_foo"""
		              ^
/home/jenkins/jenkins_slave/workspace/test/tests_X_Y_20150206.py:21:1: W191 indentation contains tabs
		a = 1
^
/home/jenkins/jenkins_slave/workspace/test/tests_X_Y_20150206.py:22:1: W191 indentation contains tabs
		self.assertEqual(a, 1)
^
/home/jenkins/jenkins_slave/workspace/test/tests_X_Y_20150206.py:24:1: W191 indentation contains tabs
	def test_bar(self):
^
/home/jenkins/jenkins_slave/workspace/test/tests_X_Y_20150206.py:25:1: W191 indentation contains tabs
		"""test_bar"""
^
/home/jenkins/jenkins_slave/workspace/test/tests_X_Y_20150206.py:25:17: W291 trailing whitespace
		"""test_bar"""
		              ^
/home/jenkins/jenkins_slave/workspace/test/tests_X_Y_20150206.py:26:1: W191 indentation contains tabs
		b = 'data' + self.session
^
/home/jenkins/jenkins_slave/workspace/test/tests_X_Y_20150206.py:27:1: W191 indentation contains tabs
		self.assertEqual(b, 'datafoobar')
^
/home/jenkins/jenkins_slave/workspace/test/tests_X_Y_20150206.py:29:1: W191 indentation contains tabs
	def test_sum(self):
^
/home/jenkins/jenkins_slave/workspace/test/tests_X_Y_20150206.py:29:21: W291 trailing whitespace
	def test_sum(self):
	                   ^
/home/jenkins/jenkins_slave/workspace/test/tests_X_Y_20150206.py:30:1: W191 indentation contains tabs
		"""Check is sum method is equivalent to operator"""
^
/home/jenkins/jenkins_slave/workspace/test/tests_X_Y_20150206.py:31:1: W191 indentation contains tabs
		x = Math.sum(self, 1,1)
^
/home/jenkins/jenkins_slave/workspace/test/tests_X_Y_20150206.py:31:23: E231 missing whitespace after ','
		x = Math.sum(self, 1,1)
		                    ^
/home/jenkins/jenkins_slave/workspace/test/tests_X_Y_20150206.py:32:1: W191 indentation contains tabs
		self.assertEqual(x, 2)
^
/home/jenkins/jenkins_slave/workspace/test/tests_X_Y_20150206.py:36:1: E303 too many blank lines (3)
if __name__ == "__main__":
^
/home/jenkins/jenkins_slave/workspace/test/tests_X_Y_20150206.py:37:1: W191 indentation contains tabs
	unittest.main()
^
/home/jenkins/jenkins_slave/workspace/test/tests_X_Y_20150206.py:38:1: W391 blank line at end of file

^

====================== 2 failed, 1 passed in 0.26 seconds ======================
