************* Module tests.code
code.py:6: [C0303(trailing-whitespace), ] Trailing whitespace
code.py:6: [W0312(mixed-indentation), ] Found indentation with tabs instead of spaces
code.py:7: [W0312(mixed-indentation), ] Found indentation with tabs instead of spaces
code.py:9: [W0312(mixed-indentation), ] Found indentation with tabs instead of spaces
code.py:10: [W0312(mixed-indentation), ] Found indentation with tabs instead of spaces
code.py:11: [C0303(trailing-whitespace), ] Trailing whitespace
code.py:12: [W0312(mixed-indentation), ] Found indentation with tabs instead of spaces
code.py:13: [W0312(mixed-indentation), ] Found indentation with tabs instead of spaces
code.py:1: [C0111(missing-docstring), ] Missing module docstring
code.py:4: [C0111(missing-docstring), Math] Missing class docstring
code.py:6: [C0103(invalid-name), Math.sum] Invalid argument name "a"
code.py:6: [C0103(invalid-name), Math.sum] Invalid argument name "b"
code.py:6: [C0111(missing-docstring), Math.sum] Missing method docstring
code.py:6: [R0201(no-self-use), Math.sum] Method could be a function
code.py:9: [C0103(invalid-name), Math.subs] Invalid argument name "a"
code.py:9: [C0103(invalid-name), Math.subs] Invalid argument name "b"
code.py:9: [C0111(missing-docstring), Math.subs] Missing method docstring
code.py:9: [R0201(no-self-use), Math.subs] Method could be a function
code.py:12: [C0103(invalid-name), Math.mul] Invalid argument name "a"
code.py:12: [C0103(invalid-name), Math.mul] Invalid argument name "b"
code.py:12: [C0111(missing-docstring), Math.mul] Missing method docstring
code.py:12: [R0201(no-self-use), Math.mul] Method could be a function
************* Module tests.tests_X_Y_20150206
tests_X_Y_20150206.py:4: [C0301(line-too-long), ] Line too long (132/100)
tests_X_Y_20150206.py:12: [W0312(mixed-indentation), ] Found indentation with tabs instead of spaces
tests_X_Y_20150206.py:13: [W0312(mixed-indentation), ] Found indentation with tabs instead of spaces
tests_X_Y_20150206.py:15: [W0312(mixed-indentation), ] Found indentation with tabs instead of spaces
tests_X_Y_20150206.py:16: [W0312(mixed-indentation), ] Found indentation with tabs instead of spaces
tests_X_Y_20150206.py:18: [C0303(trailing-whitespace), ] Trailing whitespace
tests_X_Y_20150206.py:18: [W0312(mixed-indentation), ] Found indentation with tabs instead of spaces
tests_X_Y_20150206.py:19: [C0303(trailing-whitespace), ] Trailing whitespace
tests_X_Y_20150206.py:19: [W0312(mixed-indentation), ] Found indentation with tabs instead of spaces
tests_X_Y_20150206.py:20: [W0312(mixed-indentation), ] Found indentation with tabs instead of spaces
tests_X_Y_20150206.py:21: [W0312(mixed-indentation), ] Found indentation with tabs instead of spaces
tests_X_Y_20150206.py:23: [W0312(mixed-indentation), ] Found indentation with tabs instead of spaces
tests_X_Y_20150206.py:24: [C0303(trailing-whitespace), ] Trailing whitespace
tests_X_Y_20150206.py:24: [W0312(mixed-indentation), ] Found indentation with tabs instead of spaces
tests_X_Y_20150206.py:25: [W0312(mixed-indentation), ] Found indentation with tabs instead of spaces
tests_X_Y_20150206.py:26: [W0312(mixed-indentation), ] Found indentation with tabs instead of spaces
tests_X_Y_20150206.py:28: [C0303(trailing-whitespace), ] Trailing whitespace
tests_X_Y_20150206.py:28: [W0312(mixed-indentation), ] Found indentation with tabs instead of spaces
tests_X_Y_20150206.py:29: [W0312(mixed-indentation), ] Found indentation with tabs instead of spaces
tests_X_Y_20150206.py:30: [W0312(mixed-indentation), ] Found indentation with tabs instead of spaces
tests_X_Y_20150206.py:30: [C0326(bad-whitespace), ] Exactly one space required after comma
		x = Math.sum(self, 1,1)
                      ^
tests_X_Y_20150206.py:31: [W0312(mixed-indentation), ] Found indentation with tabs instead of spaces
tests_X_Y_20150206.py:36: [W0312(mixed-indentation), ] Found indentation with tabs instead of spaces
tests_X_Y_20150206.py:1: [C0103(invalid-name), ] Invalid module name "tests_X_Y_20150206"
tests_X_Y_20150206.py:1: [C0111(missing-docstring), ] Missing module docstring
tests_X_Y_20150206.py:9: [C0111(missing-docstring), MyTest] Missing class docstring
tests_X_Y_20150206.py:20: [C0103(invalid-name), MyTest.test_foo] Invalid variable name "a"
tests_X_Y_20150206.py:25: [C0103(invalid-name), MyTest.test_bar] Invalid variable name "b"
tests_X_Y_20150206.py:30: [C0103(invalid-name), MyTest.test_sum] Invalid variable name "x"


Report
======
25 statements analysed.

Statistics by type
------------------

+---------+-------+-----------+-----------+------------+---------+
|type     |number |old number |difference |%documented |%badname |
+=========+=======+===========+===========+============+=========+
|module   |3      |3          |=          |33.33       |33.33    |
+---------+-------+-----------+-----------+------------+---------+
|class    |2      |2          |=          |0.00        |0.00     |
+---------+-------+-----------+-----------+------------+---------+
|method   |8      |8          |=          |62.50       |0.00     |
+---------+-------+-----------+-----------+------------+---------+
|function |0      |0          |=          |0           |0        |
+---------+-------+-----------+-----------+------------+---------+



External dependencies
---------------------
::

    code (tests.tests_X_Y_20150206)



Raw metrics
-----------

+----------+-------+------+---------+-----------+
|type      |number |%     |previous |difference |
+==========+=======+======+=========+===========+
|code      |30     |51.72 |30       |=          |
+----------+-------+------+---------+-----------+
|docstring |3      |5.17  |3        |=          |
+----------+-------+------+---------+-----------+
|comment   |5      |8.62  |5        |=          |
+----------+-------+------+---------+-----------+
|empty     |20     |34.48 |20       |=          |
+----------+-------+------+---------+-----------+



Duplication
-----------

+-------------------------+------+---------+-----------+
|                         |now   |previous |difference |
+=========================+======+=========+===========+
|nb duplicated lines      |0     |0        |=          |
+-------------------------+------+---------+-----------+
|percent duplicated lines |0.000 |0.000    |=          |
+-------------------------+------+---------+-----------+



Messages by category
--------------------

+-----------+-------+---------+-----------+
|type       |number |previous |difference |
+===========+=======+=========+===========+
|convention |25     |25       |=          |
+-----------+-------+---------+-----------+
|refactor   |3      |3        |=          |
+-----------+-------+---------+-----------+
|warning    |23     |23       |=          |
+-----------+-------+---------+-----------+
|error      |0      |0        |=          |
+-----------+-------+---------+-----------+



% errors / warnings by module
-----------------------------

+-------------------------+------+--------+---------+-----------+
|module                   |error |warning |refactor |convention |
+=========================+======+========+=========+===========+
|tests.tests_X_Y_20150206 |0.00  |73.91   |0.00     |48.00      |
+-------------------------+------+--------+---------+-----------+
|tests.code               |0.00  |26.09   |100.00   |52.00      |
+-------------------------+------+--------+---------+-----------+



Messages
--------

+--------------------+------------+
|message id          |occurrences |
+====================+============+
|mixed-indentation   |23          |
+--------------------+------------+
|invalid-name        |10          |
+--------------------+------------+
|missing-docstring   |7           |
+--------------------+------------+
|trailing-whitespace |6           |
+--------------------+------------+
|no-self-use         |3           |
+--------------------+------------+
|line-too-long       |1           |
+--------------------+------------+
|bad-whitespace      |1           |
+--------------------+------------+



Global evaluation
-----------------
Your code has been rated at -10.40/10 (previous run: -10.40/10, +0.00)

